[00:11:38] [main/INFO]: Environment: authHost='https://authserver.mojang.com', accountsHost='https://api.mojang.com', sessionHost='https://sessionserver.mojang.com', servicesHost='https://api.minecraftservices.com', name='PROD'
[00:11:40] [main/INFO]: Reloading ResourceManager: Default, bukkit
[00:11:41] [Worker-Main-12/INFO]: Loaded 7 recipes
[00:11:46] [Server thread/INFO]: Starting minecraft server version 1.16.4
[00:11:46] [Server thread/INFO]: Loading properties
[00:11:48] [Server thread/INFO]: This server is running CraftBukkit version git-Spigot-37d799b-3eb7236 (MC: 1.16.4) (Implementing API version 1.16.4-R0.1-SNAPSHOT)
[00:11:48] [Server thread/INFO]: Debug logging is disabled
[00:11:48] [Server thread/INFO]: Server Ping Player Sample Count: 12
[00:11:48] [Server thread/INFO]: Using 4 threads for Netty based IO
[00:11:48] [Server thread/INFO]: Default game type: SURVIVAL
[00:11:48] [Server thread/INFO]: Generating keypair
[00:11:49] [Server thread/INFO]: Starting Minecraft server on *:25565
[00:11:49] [Server thread/INFO]: Using default channel type
[00:11:52] [Server thread/INFO]: [RNG_Difficulty] Loading RNG_Difficulty v1.0.0
[00:11:52] [Server thread/WARN]: **** SERVER IS RUNNING IN OFFLINE/INSECURE MODE!
[00:11:52] [Server thread/WARN]: The server will make no attempt to authenticate usernames. Beware.
[00:11:52] [Server thread/WARN]: While this makes the game possible to play without internet access, it also opens up the ability for hackers to connect with any username they choose.
[00:11:52] [Server thread/WARN]: To change this, set "online-mode" to "true" in the server.properties file.
[00:11:52] [Server thread/INFO]: Preparing level "world"
[00:11:53] [Server thread/INFO]: -------- World Settings For [world] --------
[00:11:53] [Server thread/INFO]: Item Despawn Rate: 6000
[00:11:53] [Server thread/INFO]: Item Merge Radius: 2.5
[00:11:53] [Server thread/INFO]: Entity Tracking Range: Pl 48 / An 48 / Mo 48 / Mi 32 / Other 64
[00:11:53] [Server thread/INFO]: Allow Zombie Pigmen to spawn from portal blocks: true
[00:11:53] [Server thread/INFO]: View Distance: 10
[00:11:53] [Server thread/INFO]: Zombie Aggressive Towards Villager: true
[00:11:53] [Server thread/INFO]: Custom Map Seeds:  Village: 10387312 Desert: 14357617 Igloo: 14357618 Jungle: 14357619 Swamp: 14357620 Monument: 10387313 Ocean: 14357621 Shipwreck: 165745295 End City: 10387313 Slime: 987234911 Bastion: 30084232 Fortress: 30084232 Mansion: 10387319 Fossil: 14357921 Portal: 34222645
[00:11:53] [Server thread/INFO]: Max TNT Explosions: 100
[00:11:53] [Server thread/INFO]: Tile Max Tick Time: 50ms Entity max Tick Time: 50ms
[00:11:53] [Server thread/INFO]: Hopper Transfer: 8 Hopper Check: 1 Hopper Amount: 1
[00:11:53] [Server thread/INFO]: Arrow Despawn Rate: 1200 Trident Respawn Rate:1200
[00:11:53] [Server thread/INFO]: Nerfing mobs spawned from spawners: false
[00:11:53] [Server thread/INFO]: Experience Merge Radius: 3.0
[00:11:53] [Server thread/INFO]: Mob Spawn Range: 6
[00:11:53] [Server thread/INFO]: Cactus Growth Modifier: 100%
[00:11:53] [Server thread/INFO]: Cane Growth Modifier: 100%
[00:11:53] [Server thread/INFO]: Melon Growth Modifier: 100%
[00:11:53] [Server thread/INFO]: Mushroom Growth Modifier: 100%
[00:11:53] [Server thread/INFO]: Pumpkin Growth Modifier: 100%
[00:11:53] [Server thread/INFO]: Sapling Growth Modifier: 100%
[00:11:53] [Server thread/INFO]: Beetroot Growth Modifier: 100%
[00:11:53] [Server thread/INFO]: Carrot Growth Modifier: 100%
[00:11:53] [Server thread/INFO]: Potato Growth Modifier: 100%
[00:11:53] [Server thread/INFO]: Wheat Growth Modifier: 100%
[00:11:53] [Server thread/INFO]: NetherWart Growth Modifier: 100%
[00:11:53] [Server thread/INFO]: Vine Growth Modifier: 100%
[00:11:53] [Server thread/INFO]: Cocoa Growth Modifier: 100%
[00:11:53] [Server thread/INFO]: Bamboo Growth Modifier: 100%
[00:11:53] [Server thread/INFO]: SweetBerry Growth Modifier: 100%
[00:11:53] [Server thread/INFO]: Kelp Growth Modifier: 100%
[00:11:53] [Server thread/INFO]: Entity Activation Range: An 32 / Mo 32 / Ra 48 / Mi 16 / Tiv true
[00:11:53] [Server thread/INFO]: -------- World Settings For [world_nether] --------
[00:11:53] [Server thread/INFO]: Item Despawn Rate: 6000
[00:11:53] [Server thread/INFO]: Item Merge Radius: 2.5
[00:11:53] [Server thread/INFO]: Entity Tracking Range: Pl 48 / An 48 / Mo 48 / Mi 32 / Other 64
[00:11:53] [Server thread/INFO]: Allow Zombie Pigmen to spawn from portal blocks: true
[00:11:53] [Server thread/INFO]: View Distance: 10
[00:11:53] [Server thread/INFO]: Zombie Aggressive Towards Villager: true
[00:11:53] [Server thread/INFO]: Custom Map Seeds:  Village: 10387312 Desert: 14357617 Igloo: 14357618 Jungle: 14357619 Swamp: 14357620 Monument: 10387313 Ocean: 14357621 Shipwreck: 165745295 End City: 10387313 Slime: 987234911 Bastion: 30084232 Fortress: 30084232 Mansion: 10387319 Fossil: 14357921 Portal: 34222645
[00:11:53] [Server thread/INFO]: Max TNT Explosions: 100
[00:11:53] [Server thread/INFO]: Tile Max Tick Time: 50ms Entity max Tick Time: 50ms
[00:11:53] [Server thread/INFO]: Hopper Transfer: 8 Hopper Check: 1 Hopper Amount: 1
[00:11:53] [Server thread/INFO]: Arrow Despawn Rate: 1200 Trident Respawn Rate:1200
[00:11:53] [Server thread/INFO]: Nerfing mobs spawned from spawners: false
[00:11:53] [Server thread/INFO]: Experience Merge Radius: 3.0
[00:11:53] [Server thread/INFO]: Mob Spawn Range: 6
[00:11:53] [Server thread/INFO]: Cactus Growth Modifier: 100%
[00:11:53] [Server thread/INFO]: Cane Growth Modifier: 100%
[00:11:53] [Server thread/INFO]: Melon Growth Modifier: 100%
[00:11:53] [Server thread/INFO]: Mushroom Growth Modifier: 100%
[00:11:53] [Server thread/INFO]: Pumpkin Growth Modifier: 100%
[00:11:53] [Server thread/INFO]: Sapling Growth Modifier: 100%
[00:11:53] [Server thread/INFO]: Beetroot Growth Modifier: 100%
[00:11:53] [Server thread/INFO]: Carrot Growth Modifier: 100%
[00:11:53] [Server thread/INFO]: Potato Growth Modifier: 100%
[00:11:53] [Server thread/INFO]: Wheat Growth Modifier: 100%
[00:11:53] [Server thread/INFO]: NetherWart Growth Modifier: 100%
[00:11:53] [Server thread/INFO]: Vine Growth Modifier: 100%
[00:11:53] [Server thread/INFO]: Cocoa Growth Modifier: 100%
[00:11:53] [Server thread/INFO]: Bamboo Growth Modifier: 100%
[00:11:53] [Server thread/INFO]: SweetBerry Growth Modifier: 100%
[00:11:53] [Server thread/INFO]: Kelp Growth Modifier: 100%
[00:11:53] [Server thread/INFO]: Entity Activation Range: An 32 / Mo 32 / Ra 48 / Mi 16 / Tiv true
[00:11:53] [Server thread/INFO]: -------- World Settings For [world_the_end] --------
[00:11:53] [Server thread/INFO]: Item Despawn Rate: 6000
[00:11:53] [Server thread/INFO]: Item Merge Radius: 2.5
[00:11:53] [Server thread/INFO]: Entity Tracking Range: Pl 48 / An 48 / Mo 48 / Mi 32 / Other 64
[00:11:53] [Server thread/INFO]: Allow Zombie Pigmen to spawn from portal blocks: true
[00:11:53] [Server thread/INFO]: View Distance: 10
[00:11:53] [Server thread/INFO]: Zombie Aggressive Towards Villager: true
[00:11:53] [Server thread/INFO]: Custom Map Seeds:  Village: 10387312 Desert: 14357617 Igloo: 14357618 Jungle: 14357619 Swamp: 14357620 Monument: 10387313 Ocean: 14357621 Shipwreck: 165745295 End City: 10387313 Slime: 987234911 Bastion: 30084232 Fortress: 30084232 Mansion: 10387319 Fossil: 14357921 Portal: 34222645
[00:11:53] [Server thread/INFO]: Max TNT Explosions: 100
[00:11:53] [Server thread/INFO]: Tile Max Tick Time: 50ms Entity max Tick Time: 50ms
[00:11:53] [Server thread/INFO]: Hopper Transfer: 8 Hopper Check: 1 Hopper Amount: 1
[00:11:53] [Server thread/INFO]: Arrow Despawn Rate: 1200 Trident Respawn Rate:1200
[00:11:53] [Server thread/INFO]: Nerfing mobs spawned from spawners: false
[00:11:53] [Server thread/INFO]: Experience Merge Radius: 3.0
[00:11:53] [Server thread/INFO]: Mob Spawn Range: 6
[00:11:53] [Server thread/INFO]: Cactus Growth Modifier: 100%
[00:11:53] [Server thread/INFO]: Cane Growth Modifier: 100%
[00:11:53] [Server thread/INFO]: Melon Growth Modifier: 100%
[00:11:53] [Server thread/INFO]: Mushroom Growth Modifier: 100%
[00:11:53] [Server thread/INFO]: Pumpkin Growth Modifier: 100%
[00:11:53] [Server thread/INFO]: Sapling Growth Modifier: 100%
[00:11:53] [Server thread/INFO]: Beetroot Growth Modifier: 100%
[00:11:53] [Server thread/INFO]: Carrot Growth Modifier: 100%
[00:11:53] [Server thread/INFO]: Potato Growth Modifier: 100%
[00:11:53] [Server thread/INFO]: Wheat Growth Modifier: 100%
[00:11:53] [Server thread/INFO]: NetherWart Growth Modifier: 100%
[00:11:53] [Server thread/INFO]: Vine Growth Modifier: 100%
[00:11:53] [Server thread/INFO]: Cocoa Growth Modifier: 100%
[00:11:53] [Server thread/INFO]: Bamboo Growth Modifier: 100%
[00:11:53] [Server thread/INFO]: SweetBerry Growth Modifier: 100%
[00:11:53] [Server thread/INFO]: Kelp Growth Modifier: 100%
[00:11:53] [Server thread/INFO]: Entity Activation Range: An 32 / Mo 32 / Ra 48 / Mi 16 / Tiv true
[00:11:53] [Server thread/INFO]: Preparing start region for dimension minecraft:overworld
[00:11:56] [Server thread/INFO]: Preparing spawn area: 0%
[00:11:56] [Server thread/INFO]: Preparing spawn area: 0%
[00:11:56] [Server thread/INFO]: Preparing spawn area: 0%
[00:11:56] [Server thread/INFO]: Preparing spawn area: 0%
[00:11:56] [Server thread/INFO]: Preparing spawn area: 0%
[00:11:56] [Server thread/INFO]: Preparing spawn area: 0%
[00:11:56] [Server thread/INFO]: Preparing spawn area: 0%
[00:11:57] [Server thread/INFO]: Preparing spawn area: 0%
[00:11:57] [Server thread/INFO]: Preparing spawn area: 27%
[00:11:58] [Server thread/INFO]: Preparing spawn area: 96%
[00:11:59] [Server thread/INFO]: Time elapsed: 5353 ms
[00:11:59] [Server thread/INFO]: Preparing start region for dimension minecraft:the_nether
[00:12:01] [Server thread/INFO]: Preparing spawn area: 0%
[00:12:01] [Server thread/INFO]: Preparing spawn area: 0%
[00:12:01] [Server thread/INFO]: Preparing spawn area: 0%
[00:12:01] [Server thread/INFO]: Preparing spawn area: 0%
[00:12:01] [Server thread/INFO]: Preparing spawn area: 0%
[00:12:01] [Worker-Main-10/INFO]: Preparing spawn area: 0%
[00:12:02] [Worker-Main-11/INFO]: Preparing spawn area: 83%
[00:12:02] [Worker-Main-10/INFO]: Preparing spawn area: 83%
[00:12:03] [Worker-Main-8/INFO]: Preparing spawn area: 83%
[00:12:03] [Worker-Main-9/INFO]: Preparing spawn area: 83%
[00:12:04] [Worker-Main-8/INFO]: Preparing spawn area: 83%
[00:12:04] [Worker-Main-10/INFO]: Preparing spawn area: 83%
[00:12:05] [Worker-Main-8/INFO]: Preparing spawn area: 88%
[00:12:05] [Worker-Main-16/INFO]: Preparing spawn area: 89%
[00:12:05] [Server thread/INFO]: Time elapsed: 6759 ms
[00:12:05] [Server thread/INFO]: Preparing start region for dimension minecraft:the_end
[00:12:06] [Server thread/INFO]: Preparing spawn area: 0%
[00:12:06] [Worker-Main-9/INFO]: Preparing spawn area: 83%
[00:12:06] [Worker-Main-9/INFO]: Preparing spawn area: 83%
[00:12:07] [Server thread/INFO]: Time elapsed: 1406 ms
[00:12:07] [Server thread/INFO]: [RNG_Difficulty] Enabling RNG_Difficulty v1.0.0
[00:12:07] [Server thread/INFO]: Server permissions file permissions.yml is empty, ignoring it
[00:12:07] [Server thread/INFO]: Done (14.591s)! For help, type "help"
[00:12:15] [Server thread/INFO]: Unknown command. Type "/help" for help.[m
[00:12:22] [Server thread/INFO]: Unknown command. Type "/help" for help.[m
[00:12:26] [Server thread/INFO]: Unknown command. Type "/help" for help.[m
[00:12:34] [Server thread/INFO]: Unknown command. Type "/help" for help.[m
[00:12:55] [Server thread/INFO]: Unknown command. Type "/help" for help.[m
[00:13:01] [Server thread/INFO]: Unknown command. Type "/help" for help.[m
[00:13:05] [Server thread/INFO]: Unknown command. Type "/help" for help.[m
[00:13:10] [Server thread/INFO]: Unknown command. Type "/help" for help.[m
[00:13:55] [User Authenticator #1/INFO]: UUID of player cluster0p is 1f733dd5-fae2-3cb2-a92d-7cb2175bdbdd
[00:13:56] [Server thread/INFO]: cluster0p[/106.223.139.224:59893] logged in with entity id 446 at ([world]389.41958419356746, 77.0, -215.6999999880791)
[00:14:31] [Server thread/INFO]: Unknown command. Type "/help" for help.[m
[00:14:38] [Server thread/INFO]: Unknown command. Type "/help" for help.[m
[00:14:41] [Server thread/INFO]: Unknown command. Type "/help" for help.[m
[00:15:25] [Server thread/INFO]: cluster0p issued server command: /op cluster0p
[00:16:51] [Server thread/INFO]: Unknown command. Type "/help" for help.[m
[00:17:42] [Server thread/INFO]: cluster0p lost connection: Disconnected
[00:17:42] [Server thread/INFO]: cluster0p left the game
[00:17:49] [Server thread/INFO]: Unknown command. Type "/help" for help.[m
[00:17:54] [Server thread/INFO]: Stopping server
[00:17:54] [Server thread/INFO]: [RNG_Difficulty] Disabling RNG_Difficulty v1.0.0
[00:17:54] [Server thread/INFO]: Saving players
[00:17:54] [Server thread/INFO]: Saving worlds
[00:17:54] [Server thread/INFO]: Saving chunks for level 'ServerLevel[world]'/minecraft:overworld
[00:17:56] [Server thread/INFO]: ThreadedAnvilChunkStorage (world): All chunks are saved
[00:17:56] [Server thread/INFO]: Saving chunks for level 'ServerLevel[world_nether]'/minecraft:the_nether
[00:17:56] [Server thread/INFO]: ThreadedAnvilChunkStorage (DIM-1): All chunks are saved
[00:17:56] [Server thread/INFO]: Saving chunks for level 'ServerLevel[world_the_end]'/minecraft:the_end
[00:17:56] [Server thread/INFO]: ThreadedAnvilChunkStorage (DIM1): All chunks are saved
[00:17:56] [Server thread/INFO]: ThreadedAnvilChunkStorage (world): All chunks are saved
[00:17:56] [Server thread/INFO]: ThreadedAnvilChunkStorage (DIM-1): All chunks are saved
[00:17:56] [Server thread/INFO]: ThreadedAnvilChunkStorage (DIM1): All chunks are saved
